2023-08-09 11:49:12,018:INFO:DOOR:one_car:closed
2023-08-09 11:49:12,022:INFO:DOOR:two_car:closed
2023-08-09 11:49:14,382:INFO:Stopping Garage Door Monitor
2023-08-09 15:00:56,756:INFO:Starting Garage Door Monitor
2023-08-09 15:00:56,757:INFO:DOOR:two_car:created
2023-08-09 15:00:56,758:INFO:DOOR:one_car:created
2023-08-09 15:03:02,934:INFO:Starting Garage Door Monitor
2023-08-09 15:03:02,936:INFO:DOOR:two_car:created
2023-08-09 15:03:02,937:INFO:DOOR:one_car:created
2023-08-09 15:03:03,116:INFO:DOOR:one_car:closed
2023-08-09 15:03:03,116:INFO:DOOR:two_car:closed
2023-08-09 15:06:10,602:INFO:Stopping Garage Door Monitor
2023-08-09 15:13:16,356:INFO:Starting Garage Door Monitor
2023-08-09 15:13:16,358:INFO:DOOR:two_car:created
2023-08-09 15:13:16,359:INFO:DOOR:one_car:created
2023-08-09 15:13:40,677:INFO:Stopping Garage Door Monitor
2023-08-09 15:14:33,643:INFO:Starting Garage Door Monitor
2023-08-09 15:14:33,645:INFO:DOOR:two_car:created
2023-08-09 15:14:33,645:INFO:DOOR:one_car:created
2023-08-09 15:14:33,826:INFO:DOOR:one_car:closed
2023-08-09 15:14:33,827:INFO:DOOR:two_car:closed
2023-08-09 15:19:29,662:INFO:Stopping Garage Door Monitor
